Build started 5/11/2017 9:32:00 PM.
     1>Project "C:\Users\Kevin\Documents\HK2 16 - 17\LIBPRO\LIBPRO\LIBPRO.vcxproj" on node 2 (Build target(s)).
     1>InitializeBuildStatus:
         Creating "Debug\LIBPRO.tlog\unsuccessfulbuild" because "AlwaysCreate" was specified.
       CustomBuild:
         Moc'ing Administrator.h...
         Moc'ing DataProcessingTechnician.h...
         Moc'ing Librarian.h...
         Uic'ing Librarian.ui...
         Uic'ing DataProcessingTechnician.ui...
         Uic'ing Administrator.ui...
       ClCompile:
         C:\Program Files\Microsoft Visual Studio 14.0\VC\bin\CL.exe /c /I.\GeneratedFiles /I. /IC:\Qt\5.8\msvc2015\include /I.\GeneratedFiles\Debug /IC:\Qt\5.8\msvc2015\include\QtCore /IC:\Qt\5.8\msvc2015\include\QtGui /IC:\Qt\5.8\msvc2015\include\QtSql /IC:\Qt\5.8\msvc2015\include\QtUiTools /IC:\Qt\5.8\msvc2015\include\QtWidgets /Zi /nologo /W1 /WX- /Od /Oy- /D UNICODE /D WIN32 /D WIN64 /D QT_DLL /D QT_CORE_LIB /D QT_GUI_LIB /D QT_SQL_LIB /D QT_UITOOLS_LIB /D QT_WIDGETS_LIB /Gm- /EHsc /MDd /GS /fp:precise /Zc:wchar_t /Zc:forScope /Zc:inline /Fo"Debug\\" /Fd"Debug\vc140.pdb" /Gd /TP /analyze- /errorReport:prompt Administrator.cpp bookData.cpp DataProcessingTechnician.cpp GeneratedFiles\Debug\moc_Administrator.cpp GeneratedFiles\Debug\moc_DataProcessingTechnician.cpp GeneratedFiles\Debug\moc_Librarian.cpp Librarian.cpp RoleClass.cpp
         Administrator.cpp
         bookData.cpp
         DataProcessingTechnician.cpp
         moc_Administrator.cpp
         moc_DataProcessingTechnician.cpp
         moc_Librarian.cpp
         Librarian.cpp
         RoleClass.cpp
         Generating Code...
         All outputs are up-to-date.
       Link:
         C:\Program Files\Microsoft Visual Studio 14.0\VC\bin\link.exe /ERRORREPORT:PROMPT /OUT:"C:\Users\Kevin\Documents\HK2 16 - 17\LIBPRO\Win32\Debug\\LIBPRO.exe" /NOLOGO /LIBPATH:C:\Qt\5.8\msvc2015\lib qtmaind.lib Qt5Cored.lib Qt5Guid.lib Qt5Sqld.lib Qt5UiToolsd.lib Qt5Widgetsd.lib kernel32.lib user32.lib gdi32.lib winspool.lib comdlg32.lib advapi32.lib shell32.lib ole32.lib oleaut32.lib uuid.lib odbc32.lib odbccp32.lib /MANIFEST /MANIFESTUAC:"level='asInvoker' uiAccess='false'" /manifest:embed /DEBUG /PDB:"C:\Users\Kevin\Documents\HK2 16 - 17\LIBPRO\Win32\Debug\LIBPRO.pdb" /SUBSYSTEM:WINDOWS /TLBID:1 /DYNAMICBASE /NXCOMPAT /IMPLIB:"C:\Users\Kevin\Documents\HK2 16 - 17\LIBPRO\Win32\Debug\LIBPRO.lib" /MACHINE:X86 /SAFESEH Debug\Administrator.obj
         Debug\bookData.obj
         Debug\DataProcessingTechnician.obj
         Debug\moc_Administrator.obj
         Debug\moc_DataProcessingTechnician.obj
         Debug\moc_LIBPRO.obj
         Debug\moc_Librarian.obj
         Debug\moc_Reader.obj
         Debug\qrc_LIBPRO.obj
         Debug\LIBPRO.obj
         Debug\Librarian.obj
         Debug\main.obj
         Debug\Reader.obj
         Debug\RoleClass.obj
         LIBPRO.vcxproj -> C:\Users\Kevin\Documents\HK2 16 - 17\LIBPRO\Win32\Debug\LIBPRO.exe
         LIBPRO.vcxproj -> C:\Users\Kevin\Documents\HK2 16 - 17\LIBPRO\Win32\Debug\LIBPRO.pdb (Full PDB)
       FinalizeBuildStatus:
         Deleting file "Debug\LIBPRO.tlog\unsuccessfulbuild".
         Touching "Debug\LIBPRO.tlog\LIBPRO.lastbuildstate".
     1>Done Building Project "C:\Users\Kevin\Documents\HK2 16 - 17\LIBPRO\LIBPRO\LIBPRO.vcxproj" (Build target(s)).

Build succeeded.

Time Elapsed 00:00:16.89
