c:\users\kevin\documents\deviltitan-libpro\libpro\debug\vc140.pdb
c:\users\kevin\documents\deviltitan-libpro\libpro\debug\qrc_libpro.obj
c:\users\kevin\documents\deviltitan-libpro\libpro\debug\main.obj
c:\users\kevin\documents\deviltitan-libpro\libpro\debug\librarian.obj
c:\users\kevin\documents\deviltitan-libpro\libpro\debug\moc_librarian.obj
c:\users\kevin\documents\hk2 16 - 17\deviltitan-libpro\deviltitan-libpro\libpro\debug\vc140.pdb
c:\users\kevin\documents\hk2 16 - 17\deviltitan-libpro\deviltitan-libpro\libpro\debug\roleclass.obj
c:\users\kevin\documents\hk2 16 - 17\deviltitan-libpro\deviltitan-libpro\libpro\debug\reader.obj
c:\users\kevin\documents\hk2 16 - 17\deviltitan-libpro\deviltitan-libpro\libpro\debug\main.obj
c:\users\kevin\documents\hk2 16 - 17\deviltitan-libpro\deviltitan-libpro\libpro\debug\librarian.obj
c:\users\kevin\documents\hk2 16 - 17\deviltitan-libpro\deviltitan-libpro\libpro\debug\libpro.obj
c:\users\kevin\documents\hk2 16 - 17\deviltitan-libpro\deviltitan-libpro\libpro\debug\moc_reader.obj
c:\users\kevin\documents\hk2 16 - 17\deviltitan-libpro\deviltitan-libpro\libpro\debug\moc_librarian.obj
c:\users\kevin\documents\hk2 16 - 17\deviltitan-libpro\deviltitan-libpro\libpro\debug\moc_libpro.obj
c:\users\kevin\documents\hk2 16 - 17\deviltitan-libpro\deviltitan-libpro\libpro\debug\moc_dataprocessingtechnician.obj
c:\users\kevin\documents\hk2 16 - 17\deviltitan-libpro\deviltitan-libpro\libpro\debug\moc_administrator.obj
c:\users\kevin\documents\hk2 16 - 17\deviltitan-libpro\deviltitan-libpro\libpro\debug\dataprocessingtechnician.obj
c:\users\kevin\documents\hk2 16 - 17\deviltitan-libpro\deviltitan-libpro\libpro\debug\bookdata.obj
c:\users\kevin\documents\hk2 16 - 17\deviltitan-libpro\deviltitan-libpro\libpro\debug\administrator.obj
c:\users\kevin\documents\hk2 16 - 17\deviltitan-libpro\deviltitan-libpro\libpro\debug\qrc_libpro.obj
c:\users\kevin\documents\deviltitan-libpro\libpro\debug\bookdata.obj
c:\users\kevin\documents\deviltitan-libpro\libpro\debug\roleclass.obj
c:\users\kevin\documents\deviltitan-libpro\libpro\debug\libpro.obj
c:\users\kevin\documents\deviltitan-libpro\libpro\debug\moc_libpro.obj
c:\users\kevin\documents\deviltitan-libpro\libpro\debug\moc_dataprocessingtechnician.obj
c:\users\kevin\documents\deviltitan-libpro\libpro\debug\moc_administrator.obj
c:\users\kevin\documents\deviltitan-libpro\libpro\debug\dataprocessingtechnician.obj
c:\users\kevin\documents\deviltitan-libpro\libpro\debug\administrator.obj
c:\users\kevin\documents\deviltitan-libpro\libpro\generatedfiles\debug\moc_administrator.cpp
c:\users\kevin\documents\deviltitan-libpro\libpro\generatedfiles\debug\moc_dataprocessingtechnician.cpp
c:\users\kevin\documents\deviltitan-libpro\libpro\generatedfiles\ui_dataprocessingtechnician.h
c:\users\kevin\documents\deviltitan-libpro\libpro\generatedfiles\ui_administrator.h
c:\users\kevin\documents\hk2 16 - 17\deviltitan-libpro\deviltitan-libpro\libpro\generatedfiles\debug\moc_libpro.cpp
c:\users\kevin\documents\hk2 16 - 17\deviltitan-libpro\deviltitan-libpro\libpro\generatedfiles\ui_libpro.h
c:\users\kevin\documents\hk2 16 - 17\deviltitan-libpro\deviltitan-libpro\libpro\generatedfiles\debug\moc_administrator.cpp
c:\users\kevin\documents\hk2 16 - 17\deviltitan-libpro\deviltitan-libpro\libpro\generatedfiles\debug\moc_dataprocessingtechnician.cpp
c:\users\kevin\documents\hk2 16 - 17\deviltitan-libpro\deviltitan-libpro\libpro\generatedfiles\debug\moc_librarian.cpp
c:\users\kevin\documents\hk2 16 - 17\deviltitan-libpro\deviltitan-libpro\libpro\generatedfiles\debug\moc_reader.cpp
c:\users\kevin\documents\hk2 16 - 17\deviltitan-libpro\deviltitan-libpro\libpro\generatedfiles\qrc_libpro.cpp
c:\users\kevin\documents\hk2 16 - 17\deviltitan-libpro\deviltitan-libpro\libpro\generatedfiles\ui_reader.h
c:\users\kevin\documents\hk2 16 - 17\deviltitan-libpro\deviltitan-libpro\libpro\generatedfiles\ui_librarian.h
c:\users\kevin\documents\hk2 16 - 17\deviltitan-libpro\deviltitan-libpro\libpro\generatedfiles\ui_dataprocessingtechnician.h
c:\users\kevin\documents\hk2 16 - 17\deviltitan-libpro\deviltitan-libpro\libpro\generatedfiles\ui_administrator.h
c:\users\kevin\documents\deviltitan-libpro\libpro\generatedfiles\debug\moc_libpro.cpp
c:\users\kevin\documents\deviltitan-libpro\libpro\generatedfiles\ui_libpro.h
c:\users\kevin\documents\deviltitan-libpro\libpro\generatedfiles\qrc_libpro.cpp
c:\users\kevin\documents\deviltitan-libpro\libpro\generatedfiles\ui_reader.h
c:\users\kevin\documents\deviltitan-libpro\libpro\generatedfiles\debug\moc_librarian.cpp
c:\users\kevin\documents\deviltitan-libpro\libpro\generatedfiles\debug\moc_reader.cpp
c:\users\kevin\documents\deviltitan-libpro\libpro\generatedfiles\ui_librarian.h
c:\users\kevin\documents\deviltitan-libpro\win32\debug\libpro.ilk
c:\users\kevin\documents\deviltitan-libpro\win32\debug\libpro.exe
c:\users\kevin\documents\deviltitan-libpro\win32\debug\libpro.pdb
c:\users\kevin\documents\hk2 16 - 17\deviltitan-libpro\deviltitan-libpro\win32\debug\libpro.ilk
c:\users\kevin\documents\hk2 16 - 17\deviltitan-libpro\deviltitan-libpro\win32\debug\libpro.exe
c:\users\kevin\documents\hk2 16 - 17\deviltitan-libpro\deviltitan-libpro\win32\debug\libpro.pdb
c:\users\kevin\documents\deviltitan-libpro\libpro\debug\moc_reader.obj
c:\users\kevin\documents\deviltitan-libpro\libpro\debug\reader.obj
c:\users\kevin\documents\deviltitan-libpro\libpro\debug\libpro.tlog\cl.command.1.tlog
c:\users\kevin\documents\deviltitan-libpro\libpro\debug\libpro.tlog\cl.read.1.tlog
c:\users\kevin\documents\deviltitan-libpro\libpro\debug\libpro.tlog\cl.write.1.tlog
c:\users\kevin\documents\deviltitan-libpro\libpro\debug\libpro.tlog\custombuild.command.1.tlog
c:\users\kevin\documents\deviltitan-libpro\libpro\debug\libpro.tlog\custombuild.read.1.tlog
c:\users\kevin\documents\deviltitan-libpro\libpro\debug\libpro.tlog\custombuild.write.1.tlog
c:\users\kevin\documents\deviltitan-libpro\libpro\debug\libpro.tlog\link.command.1.tlog
c:\users\kevin\documents\deviltitan-libpro\libpro\debug\libpro.tlog\link.read.1.tlog
c:\users\kevin\documents\deviltitan-libpro\libpro\debug\libpro.tlog\link.write.1.tlog
